\BOOKMARK [2][]{Outline0.1}{Readings}{}% 1
\BOOKMARK [2][]{Outline0.2}{Model View Controller \(MVC\)}{}% 2
\BOOKMARK [2][]{Outline0.3}{Model View Controller \(MVC\)}{}% 3
\BOOKMARK [2][]{Outline0.4}{Model View Controller \(MVC\)}{}% 4
\BOOKMARK [2][]{Outline0.5}{Model View Controller \(MVC\)}{}% 5
\BOOKMARK [2][]{Outline0.6}{MVC philosophy can be applied on many levels}{}% 6
\BOOKMARK [2][]{Outline0.7}{HTML, CSS and Browser represent MVC}{}% 7
\BOOKMARK [2][]{Outline0.8}{Model View Controller \(MVC\)}{}% 8
\BOOKMARK [2][]{Outline0.9}{Model View Controller \(MVC\)}{}% 9
\BOOKMARK [2][]{Outline0.10}{The Golden Rule of MVC}{}% 10
\BOOKMARK [2][]{Outline0.11}{Example 1: Address Book}{}% 11
\BOOKMARK [2][]{Outline0.12}{Example 2: Address Book using MVC}{}% 12
\BOOKMARK [2][]{Outline0.13}{What is the advantage of MVC?}{}% 13
\BOOKMARK [2][]{Outline0.14}{Continuing our address book example}{}% 14
\BOOKMARK [2][]{Outline0.15}{Handling the new task with MVC in place}{}% 15
\BOOKMARK [2][]{Outline0.16}{Handling the new task without MVC in place}{}% 16
\BOOKMARK [2][]{Outline0.17}{More changes and the wonderfulness of MVC }{}% 17
\BOOKMARK [2][]{Outline0.18}{More changes without MVC}{}% 18
\BOOKMARK [2][]{Outline0.19}{Can we put the controller code in the view?}{}% 19
\BOOKMARK [2][]{Outline0.20}{MVC can make the view reusable}{}% 20
\BOOKMARK [2][]{Outline0.21}{Web sites under MVC}{}% 21
\BOOKMARK [2][]{Outline0.22}{Web sites under MVC}{}% 22
\BOOKMARK [2][]{Outline0.23}{Virtues of Separating MVC}{}% 23
\BOOKMARK [2][]{Outline0.24}{Virtues of Separating MVC}{}% 24
